Content-Type: text/plain; charset="utf-8"
MIME-Version: 1.0
Content-Transfer-Encoding: 8bit
Subject: Password reset on 127.0.0.1:8000
From: webmaster@localhost
To: isayaelib@gmail.com
Date: Mon, 06 Jul 2020 10:42:52 -0000
Message-ID: <159403217283.1159.5997688910998184865@ip6-localhost>


You're receiving this email because you requested a password reset for your user account at 127.0.0.1:8000.

Please go to the following page and choose a new password:

http://127.0.0.1:8000/password-reset-confirm/MQ/5hy-4e9153ff77eb3315ea36/

Your username, in case you’ve forgotten: squid

Thanks for using our site!

The 127.0.0.1:8000 team



-------------------------------------------------------------------------------
Content-Type: text/plain; charset="utf-8"
MIME-Version: 1.0
Content-Transfer-Encoding: 8bit
Subject: Password reset on 127.0.0.1:8000
From: webmaster@localhost
To: isayaelib@gmail.com
Date: Mon, 06 Jul 2020 10:42:52 -0000
Message-ID: <159403217283.1159.4587317191279179460@ip6-localhost>


You're receiving this email because you requested a password reset for your user account at 127.0.0.1:8000.

Please go to the following page and choose a new password:

http://127.0.0.1:8000/password-reset-confirm/MTA/5hy-1978a5430dc2d4aedc9e/

Your username, in case you’ve forgotten: test2

Thanks for using our site!

The 127.0.0.1:8000 team



-------------------------------------------------------------------------------
Content-Type: text/plain; charset="utf-8"
MIME-Version: 1.0
Content-Transfer-Encoding: 8bit
Subject: Password reset on 127.0.0.1:8000
From: webmaster@localhost
To: isayaelib@gmail.com
Date: Mon, 06 Jul 2020 10:42:52 -0000
Message-ID: <159403217283.1159.6822204287156875707@ip6-localhost>


You're receiving this email because you requested a password reset for your user account at 127.0.0.1:8000.

Please go to the following page and choose a new password:

http://127.0.0.1:8000/password-reset-confirm/MTI/5hy-2f7dea3c785122679618/

Your username, in case you’ve forgotten: Admin

Thanks for using our site!

The 127.0.0.1:8000 team



-------------------------------------------------------------------------------
